Countries.csv import started
Countries.csv import ended
CurrencyType.csv import started
CurrencyType.csv import ended
ItemStatus.csv import started
ItemStatus.csv import ended
QuantityType.csv import started
QuantityType.csv import ended
Questions.csv import started
Questions.csv import ended
States.csv import started
States.csv import ended
Role.csv import started
Role.csv import ended
plan.csv import started
plan.csv import ended
basemodulelist.csv import started
basemodulelist.csv import ended
module.csv import started
module.csv import ended
requestaccess.csv import started
requestaccess.csv import ended
Countries.csv import started
Countries.csv import ended
CurrencyType.csv import started
CurrencyType.csv import ended
ItemStatus.csv import started
ItemStatus.csv import ended
QuantityType.csv import started
QuantityType.csv import ended
Questions.csv import started
Questions.csv import ended
States.csv import started
States.csv import ended
Role.csv import started
Role.csv import ended
plan.csv import started
plan.csv import ended
basemodulelist.csv import started
basemodulelist.csv import ended
module.csv import started
module.csv import ended
requestaccess.csv import started
requestaccess.csv import ended
Countries.csv import started
Countries.csv import ended
CurrencyType.csv import started
CurrencyType.csv import ended
ItemStatus.csv import started
ItemStatus.csv import ended
QuantityType.csv import started
QuantityType.csv import ended
Questions.csv import started
Questions.csv import ended
States.csv import started
States.csv import ended
Role.csv import started
Role.csv import ended
plan.csv import started
plan.csv import ended
basemodulelist.csv import started
basemodulelist.csv import ended
module.csv import started
module.csv import ended
requestaccess.csv import started
requestaccess.csv import ended
Countries.csv import started
Countries.csv import ended
CurrencyType.csv import started
CurrencyType.csv import ended
ItemStatus.csv import started
ItemStatus.csv import ended
QuantityType.csv import started
QuantityType.csv import ended
Questions.csv import started
Questions.csv import ended
States.csv import started
States.csv import ended
Role.csv import started
Role.csv import ended
plan.csv import started
plan.csv import ended
basemodulelist.csv import started
basemodulelist.csv import ended
module.csv import started
module.csv import ended
requestaccess.csv import started
requestaccess.csv import ended
Countries.csv import started
Countries.csv import ended
CurrencyType.csv import started
CurrencyType.csv import ended
ItemStatus.csv import started
ItemStatus.csv import ended
QuantityType.csv import started
QuantityType.csv import ended
Questions.csv import started
Questions.csv import ended
States.csv import started
States.csv import ended
Role.csv import started
Role.csv import ended
plan.csv import started
plan.csv import ended
basemodulelist.csv import started
basemodulelist.csv import ended
module.csv import started
module.csv import ended
requestaccess.csv import started
requestaccess.csv import ended
Countries.csv import started
Countries.csv import ended
CurrencyType.csv import started
CurrencyType.csv import ended
ItemStatus.csv import started
ItemStatus.csv import ended
QuantityType.csv import started
QuantityType.csv import ended
Questions.csv import started
Questions.csv import ended
States.csv import started
States.csv import ended
Role.csv import started
Role.csv import ended
plan.csv import started
plan.csv import ended
basemodulelist.csv import started
basemodulelist.csv import ended
module.csv import started
module.csv import ended
requestaccess.csv import started
requestaccess.csv import ended
Countries.csv import started
Countries.csv import ended
CurrencyType.csv import started
CurrencyType.csv import ended
ItemStatus.csv import started
ItemStatus.csv import ended
QuantityType.csv import started
QuantityType.csv import ended
CountryCode.csv import started
CountryCode.csv import ended
Questions.csv import started
Questions.csv import ended
States.csv import started
States.csv import ended
plan.csv import started
plan.csv import ended
basemodulelist.csv import started
basemodulelist.csv import ended
module.csv import started
module.csv import ended
requestaccess.csv import started
requestaccess.csv import ended
Countries.csv import started
Countries.csv import ended
CurrencyType.csv import started
CurrencyType.csv import ended
ItemStatus.csv import started
ItemStatus.csv import ended
QuantityType.csv import started
QuantityType.csv import ended
CountryCode.csv import started
CountryCode.csv import ended
Questions.csv import started
Questions.csv import ended
States.csv import started
States.csv import ended
plan.csv import started
plan.csv import ended
basemodulelist.csv import started
basemodulelist.csv import ended
module.csv import started
module.csv import ended
requestaccess.csv import started
requestaccess.csv import ended
Countries.csv import started
Countries.csv import ended
CurrencyType.csv import started
CurrencyType.csv import ended
ItemStatus.csv import started
ItemStatus.csv import ended
QuantityType.csv import started
QuantityType.csv import ended
CountryCode.csv import started
CountryCode.csv import ended
Questions.csv import started
Questions.csv import ended
States.csv import started
States.csv import ended
plan.csv import started
plan.csv import ended
basemodulelist.csv import started
basemodulelist.csv import ended
module.csv import started
module.csv import ended
requestaccess.csv import started
requestaccess.csv import ended
